Using pre-set license
Built from '2021.3/staging' branch; Version is '2021.3.23f1 (213b516bf396) revision 2177873'; Using compiler version '192829333'; Build Type 'Release'
OS: 'Windows 10  (10.0.19045) 64bit CoreSingleLanguage' Language: 'en' Physical Memory: 20257 MB
BatchMode: 1, IsHumanControllingUs: 0, StartBugReporterOnCrash: 0, Is64bit: 1, IsPro: 1

COMMAND LINE ARGUMENTS:
C:\Program Files\Unity\Hub\Editor\2021.3.23f1\Editor\Unity.exe
-adb2
-batchMode
-noUpm
-name
AssetImportWorker1
-projectPath
D:/Unity Game/Mint/Mint/Assets
-logFile
Logs/AssetImportWorker1.log
-srvPort
60811
Successfully changed project path to: D:/Unity Game/Mint/Mint/Assets
D:/Unity Game/Mint/Mint/Assets
[UnityMemory] Configuration Parameters - Can be set up in boot.config
    "memorysetup-bucket-allocator-granularity=16"
    "memorysetup-bucket-allocator-bucket-count=8"
    "memorysetup-bucket-allocator-block-size=33554432"
    "memorysetup-bucket-allocator-block-count=8"
    "memorysetup-main-allocator-block-size=16777216"
    "memorysetup-thread-allocator-block-size=16777216"
    "memorysetup-gfx-main-allocator-block-size=16777216"
    "memorysetup-gfx-thread-allocator-block-size=16777216"
    "memorysetup-cache-allocator-block-size=4194304"
    "memorysetup-typetree-allocator-block-size=2097152"
    "memorysetup-profiler-bucket-allocator-granularity=16"
    "memorysetup-profiler-bucket-allocator-bucket-count=8"
    "memorysetup-profiler-bucket-allocator-block-size=33554432"
    "memorysetup-profiler-bucket-allocator-block-count=8"
    "memorysetup-profiler-allocator-block-size=16777216"
    "memorysetup-profiler-editor-allocator-block-size=1048576"
    "memorysetup-temp-allocator-size-main=16777216"
    "memorysetup-job-temp-allocator-block-size=2097152"
    "memorysetup-job-temp-allocator-block-size-background=1048576"
    "memorysetup-job-temp-allocator-reduction-small-platforms=262144"
    "memorysetup-temp-allocator-size-background-worker=32768"
    "memorysetup-temp-allocator-size-job-worker=262144"
    "memorysetup-temp-allocator-size-preload-manager=33554432"
    "memorysetup-temp-allocator-size-nav-mesh-worker=65536"
    "memorysetup-temp-allocator-size-audio-worker=65536"
    "memorysetup-temp-allocator-size-cloud-worker=32768"
    "memorysetup-temp-allocator-size-gi-baking-worker=262144"
    "memorysetup-temp-allocator-size-gfx=262144"
Player connection [15772] Host "[IP] 192.168.1.10 [Port] 0 [Flags] 2 [Guid] 1816146550 [EditorId] 1816146550 [Version] 1048832 [Id] WindowsEditor(7,DESKTOP-1D9SP7K) [Debug] 1 [PackageName] WindowsEditor [ProjectName] Editor" joined multi-casting on [225.0.0.222:54997]...

Player connection [15772] Host "[IP] 192.168.1.10 [Port] 0 [Flags] 2 [Guid] 1816146550 [EditorId] 1816146550 [Version] 1048832 [Id] WindowsEditor(7,DESKTOP-1D9SP7K) [Debug] 1 [PackageName] WindowsEditor [ProjectName] Editor" joined alternative multi-casting on [225.0.0.222:34997]...

Refreshing native plugins compatible for Editor in 209.17 ms, found 3 plugins.
Preloading 0 native plugins for Editor in 0.00 ms.
Initialize engine version: 2021.3.23f1 (213b516bf396)
[Subsystems] Discovering subsystems at path C:/Program Files/Unity/Hub/Editor/2021.3.23f1/Editor/Data/Resources/UnitySubsystems
[Subsystems] Discovering subsystems at path D:/Unity Game/Mint/Mint/Assets/Assets
GfxDevice: creating device client; threaded=0; jobified=0
Direct3D:
    Version:  Direct3D 11.0 [level 11.1]
    Renderer: NVIDIA GeForce MX330 (ID=0x1d16)
    Vendor:   NVIDIA
    VRAM:     1982 MB
    Driver:   31.0.15.3598
Initialize mono
Mono path[0] = 'C:/Program Files/Unity/Hub/Editor/2021.3.23f1/Editor/Data/Managed'
Mono path[1] = 'C:/Program Files/Unity/Hub/Editor/2021.3.23f1/Editor/Data/MonoBleedingEdge/lib/mono/unityjit-win32'
Mono config path = 'C:/Program Files/Unity/Hub/Editor/2021.3.23f1/Editor/Data/MonoBleedingEdge/etc'
Using monoOptions --debugger-agent=transport=dt_socket,embedding=1,server=y,suspend=n,address=127.0.0.1:56984
Begin MonoManager ReloadAssembly
Registering precompiled unity dll's ...
Register platform support module: C:/Program Files/Unity/Hub/Editor/2021.3.23f1/Editor/Data/PlaybackEngines/WebGLSupport/UnityEditor.WebGL.Extensions.dll
Register platform support module: C:/Program Files/Unity/Hub/Editor/2021.3.23f1/Editor/Data/PlaybackEngines/AndroidPlayer/UnityEditor.Android.Extensions.dll
Register platform support module: C:/Program Files/Unity/Hub/Editor/2021.3.23f1/Editor/Data/PlaybackEngines/WindowsStandaloneSupport/UnityEditor.WindowsStandalone.Extensions.dll
Registered in 0.030768 seconds.
Native extension for WindowsStandalone target not found
Native extension for Android target not found
Android Extension - Scanning For ADB Devices 597 ms
Native extension for WebGL target not found
Refreshing native plugins compatible for Editor in 145.61 ms, found 3 plugins.
Preloading 0 native plugins for Editor in 0.00 ms.
Mono: successfully reloaded assembly
- Completed reload, in  2.825 seconds
Domain Reload Profiling:
	ReloadAssembly (2826ms)
		BeginReloadAssembly (262ms)
			ExecutionOrderSort (0ms)
			DisableScriptedObjects (0ms)
			BackupInstance (0ms)
			ReleaseScriptingObjects (0ms)
			CreateAndSetChildDomain (1ms)
		EndReloadAssembly (2154ms)
			LoadAssemblies (257ms)
			RebuildTransferFunctionScriptingTraits (0ms)
			SetupTypeCache (547ms)
			ReleaseScriptCaches (0ms)
			RebuildScriptCaches (112ms)
			SetupLoadedEditorAssemblies (1240ms)
				LogAssemblyErrors (0ms)
				InitializePlatformSupportModulesInManaged (837ms)
				SetLoadedEditorAssemblies (0ms)
				RefreshPlugins (146ms)
				BeforeProcessingInitializeOnLoad (2ms)
				ProcessInitializeOnLoadAttributes (174ms)
				ProcessInitializeOnLoadMethodAttributes (81ms)
				AfterProcessingInitializeOnLoad (0ms)
				EditorAssembliesLoaded (1ms)
			ExecutionOrderSort2 (0ms)
			AwakeInstancesAfterBackupRestoration (0ms)
Platform modules already initialized, skipping
Registering precompiled user dll's ...
Registered in 0.004912 seconds.
Begin MonoManager ReloadAssembly
Native extension for WindowsStandalone target not found
Native extension for Android target not found
Native extension for WebGL target not found
Refreshing native plugins compatible for Editor in 0.92 ms, found 3 plugins.
Preloading 0 native plugins for Editor in 0.00 ms.
Mono: successfully reloaded assembly
- Completed reload, in  2.026 seconds
Domain Reload Profiling:
	ReloadAssembly (2028ms)
		BeginReloadAssembly (268ms)
			ExecutionOrderSort (0ms)
			DisableScriptedObjects (12ms)
			BackupInstance (0ms)
			ReleaseScriptingObjects (0ms)
			CreateAndSetChildDomain (45ms)
		EndReloadAssembly (1541ms)
			LoadAssemblies (186ms)
			RebuildTransferFunctionScriptingTraits (0ms)
			SetupTypeCache (487ms)
			ReleaseScriptCaches (1ms)
			RebuildScriptCaches (116ms)
			SetupLoadedEditorAssemblies (699ms)
				LogAssemblyErrors (0ms)
				InitializePlatformSupportModulesInManaged (44ms)
				SetLoadedEditorAssemblies (1ms)
				RefreshPlugins (1ms)
				BeforeProcessingInitializeOnLoad (170ms)
				ProcessInitializeOnLoadAttributes (426ms)
				ProcessInitializeOnLoadMethodAttributes (37ms)
				AfterProcessingInitializeOnLoad (18ms)
				EditorAssembliesLoaded (0ms)
			ExecutionOrderSort2 (0ms)
			AwakeInstancesAfterBackupRestoration (13ms)
Platform modules already initialized, skipping
========================================================================
Worker process is ready to serve import requests
Launched and connected shader compiler UnityShaderCompiler.exe after 0.08 seconds
Refreshing native plugins compatible for Editor in 0.60 ms, found 3 plugins.
Preloading 0 native plugins for Editor in 0.00 ms.
Unloading 2917 Unused Serialized files (Serialized files now loaded: 0)
Unloading 21 unused Assets / (56.1 KB). Loaded Objects now: 3382.
Memory consumption went from 102.8 MB to 102.7 MB.
Total: 4.143000 ms (FindLiveObjects: 0.401400 ms CreateObjectMapping: 0.383900 ms MarkObjects: 3.265800 ms  DeleteObjects: 0.090200 ms)

AssetImportParameters requested are different than current active one (requested -> active):
  custom:video-decoder-ogg-theora: a1e56fd34408186e4bbccfd4996cb3dc -> 
  custom:container-muxer-webm: aa71ff27fc2769a1b78a27578f13a17b -> 
  custom:container-demuxer-webm: 4f35f7cbe854078d1ac9338744f61a02 -> 
  custom:video-encoder-webm-vp8: eb34c28f22e8b96e1ab97ce403110664 -> 
  custom:audio-encoder-webm-vorbis: bf7c407c2cedff20999df2af8eb42d56 -> 
  custom:framework-win-MediaFoundation: 216162199b28c13a410421893ffa2e32 -> 
  custom:container-demuxer-ogg: 62fdf1f143b41e24485cea50d1cbac27 -> 
  custom:video-decoder-webm-vp8: 9c59270c3fd7afecdb556c50c9e8de78 -> 
  custom:audio-decoder-ogg-vorbis: bf7c407c2cedff20999df2af8eb42d56 -> 
========================================================================
Received Import Request.
  Time since last request: 1539.538179 seconds.
  path: Assets/demogdcd 1.png
  artifactKey: Guid(abbb1eb094fe08a43986841f4e2c6570) Importer(815301076,1909f56bfc062723c751e8b465ee728b)
Start importing Assets/demogdcd 1.png using Guid(abbb1eb094fe08a43986841f4e2c6570) Importer(815301076,1909f56bfc062723c751e8b465ee728b)  -> (artifact id: 'e3a1d45ae6d1e09db90ff1240108a6c2') in 0.632158 seconds 
========================================================================
Received Import Request.
  Time since last request: 0.000057 seconds.
  path: Assets/CÀI ĐẶT.png
  artifactKey: Guid(07259979b0ce4434b82b7f2aca3e8abe) Importer(815301076,1909f56bfc062723c751e8b465ee728b)
Start importing Assets/CÀI ĐẶT.png using Guid(07259979b0ce4434b82b7f2aca3e8abe) Importer(815301076,1909f56bfc062723c751e8b465ee728b)  -> (artifact id: 'a36fd9daea2736f6b7555fcabc173766') in 0.050675 seconds 
========================================================================
Received Import Request.
  Time since last request: 0.000078 seconds.
  path: Assets/nút setting.png
  artifactKey: Guid(47518a751a4de964da27e0b1ab552f9e) Importer(815301076,1909f56bfc062723c751e8b465ee728b)
Start importing Assets/nút setting.png using Guid(47518a751a4de964da27e0b1ab552f9e) Importer(815301076,1909f56bfc062723c751e8b465ee728b)  -> (artifact id: 'b0cda031af89d9b102d513546cdcc6d8') in 0.064106 seconds 
========================================================================
Received Import Request.
  Time since last request: 0.000032 seconds.
  path: Assets/nút home-1.png
  artifactKey: Guid(ffdc6ae7a6f5ee84fad26adcc138b4ef) Importer(815301076,1909f56bfc062723c751e8b465ee728b)
Start importing Assets/nút home-1.png using Guid(ffdc6ae7a6f5ee84fad26adcc138b4ef) Importer(815301076,1909f56bfc062723c751e8b465ee728b)  -> (artifact id: 'ffeee4a42c0672c6ff926e5ff451cfb6') in 0.042545 seconds 
========================================================================
Received Import Request.
  Time since last request: 0.000053 seconds.
  path: Assets/Group 53.png
  artifactKey: Guid(ae19f906e0fc1a64b954ef9dc999b3d9) Importer(815301076,1909f56bfc062723c751e8b465ee728b)
Start importing Assets/Group 53.png using Guid(ae19f906e0fc1a64b954ef9dc999b3d9) Importer(815301076,1909f56bfc062723c751e8b465ee728b)  -> (artifact id: '2fce4b651861478ffba6b739d0e5257c') in 0.056736 seconds 
========================================================================
Received Import Request.
  Time since last request: 0.000034 seconds.
  path: Assets/HOME.png
  artifactKey: Guid(d1d0d6c248ff0764e8cdad9fc58a9074) Importer(815301076,1909f56bfc062723c751e8b465ee728b)
Start importing Assets/HOME.png using Guid(d1d0d6c248ff0764e8cdad9fc58a9074) Importer(815301076,1909f56bfc062723c751e8b465ee728b)  -> (artifact id: 'f6ee5ffb02440ef79abac6674a32e223') in 0.021783 seconds 
========================================================================
Received Import Request.
  Time since last request: 0.000041 seconds.
  path: Assets/nút play.png
  artifactKey: Guid(ef27ee123ec7f494ba713db6507f5c79) Importer(815301076,1909f56bfc062723c751e8b465ee728b)
Start importing Assets/nút play.png using Guid(ef27ee123ec7f494ba713db6507f5c79) Importer(815301076,1909f56bfc062723c751e8b465ee728b)  -> (artifact id: '18f116e4e33f315432c49e3ccd553053') in 0.049357 seconds 
========================================================================
Received Import Request.
  Time since last request: 0.000034 seconds.
  path: Assets/Nhạc nền.png
  artifactKey: Guid(5df0e7e64a618524289ab2d6b183e36a) Importer(815301076,1909f56bfc062723c751e8b465ee728b)
Start importing Assets/Nhạc nền.png using Guid(5df0e7e64a618524289ab2d6b183e36a) Importer(815301076,1909f56bfc062723c751e8b465ee728b)  -> (artifact id: '8ebf16f2af9f25c4471ab591d1099974') in 0.025803 seconds 
========================================================================
Received Import Request.
  Time since last request: 0.000036 seconds.
  path: Assets/Âm thanh.png
  artifactKey: Guid(e1ab931ab26b68f43b1e017f281ecd4f) Importer(815301076,1909f56bfc062723c751e8b465ee728b)
Start importing Assets/Âm thanh.png using Guid(e1ab931ab26b68f43b1e017f281ecd4f) Importer(815301076,1909f56bfc062723c751e8b465ee728b)  -> (artifact id: 'ca7df6339c40586ced09847e4b072bfd') in 0.030535 seconds 
========================================================================
Received Import Request.
  Time since last request: 0.000186 seconds.
  path: Assets/thanh chứa.png
  artifactKey: Guid(88593abe5d396d74eb91ee6897766fb7) Importer(815301076,1909f56bfc062723c751e8b465ee728b)
Start importing Assets/thanh chứa.png using Guid(88593abe5d396d74eb91ee6897766fb7) Importer(815301076,1909f56bfc062723c751e8b465ee728b)  -> (artifact id: '8fb280579d110dc09c138d4238cb6a39') in 0.033363 seconds 
========================================================================
Received Import Request.
  Time since last request: 0.000044 seconds.
  path: Assets/nút high score.png
  artifactKey: Guid(6ea6e93dd5305c2419b716f0283d136e) Importer(815301076,1909f56bfc062723c751e8b465ee728b)
Start importing Assets/nút high score.png using Guid(6ea6e93dd5305c2419b716f0283d136e) Importer(815301076,1909f56bfc062723c751e8b465ee728b)  -> (artifact id: '7c9a0df523b3ef958ec17527f63e1c04') in 0.050901 seconds 
========================================================================
Received Import Request.
  Time since last request: 0.000052 seconds.
  path: Assets/nút maps.png
  artifactKey: Guid(ff46cf20505dd8e4c8f396ffb5d2ddd3) Importer(815301076,1909f56bfc062723c751e8b465ee728b)
Start importing Assets/nút maps.png using Guid(ff46cf20505dd8e4c8f396ffb5d2ddd3) Importer(815301076,1909f56bfc062723c751e8b465ee728b)  -> (artifact id: '7088bfc3f618e2e0bb6eae98e11e319f') in 0.052743 seconds 
========================================================================
Received Import Request.
  Time since last request: 0.000053 seconds.
  path: Assets/Thumbnail - Màn hình chính.png
  artifactKey: Guid(56e3fd8cb2615e14d993148cc9ee54dc) Importer(815301076,1909f56bfc062723c751e8b465ee728b)
Start importing Assets/Thumbnail - Màn hình chính.png using Guid(56e3fd8cb2615e14d993148cc9ee54dc) Importer(815301076,1909f56bfc062723c751e8b465ee728b)  -> (artifact id: '1b025a15966cc733994a1b4273106ea5') in 0.283873 seconds 
========================================================================
Received Import Request.
  Time since last request: 0.000047 seconds.
  path: Assets/Group 54.png
  artifactKey: Guid(81def5982d56d0245846e3663641fb67) Importer(815301076,1909f56bfc062723c751e8b465ee728b)
Start importing Assets/Group 54.png using Guid(81def5982d56d0245846e3663641fb67) Importer(815301076,1909f56bfc062723c751e8b465ee728b)  -> (artifact id: '66a79682eb955d8c4edf12425b092d01') in 0.086325 seconds 
========================================================================
Received Import Request.
  Time since last request: 0.000057 seconds.
  path: Assets/nút pause.png
  artifactKey: Guid(762d5e3752014cc438af368e11d8615b) Importer(815301076,1909f56bfc062723c751e8b465ee728b)
Start importing Assets/nút pause.png using Guid(762d5e3752014cc438af368e11d8615b) Importer(815301076,1909f56bfc062723c751e8b465ee728b)  -> (artifact id: '1733cac293b71e27e00a85d4e4048917') in 0.044589 seconds 
