Using pre-set license
Built from '2021.3/staging' branch; Version is '2021.3.23f1 (213b516bf396) revision 2177873'; Using compiler version '192829333'; Build Type 'Release'
OS: 'Windows 10  (10.0.19045) 64bit CoreSingleLanguage' Language: 'en' Physical Memory: 20257 MB
BatchMode: 1, IsHumanControllingUs: 0, StartBugReporterOnCrash: 0, Is64bit: 1, IsPro: 1

COMMAND LINE ARGUMENTS:
C:\Program Files\Unity\Hub\Editor\2021.3.23f1\Editor\Unity.exe
-adb2
-batchMode
-noUpm
-name
AssetImportWorker0
-projectPath
D:/Unity Game/Mint/Mint/Assets
-logFile
Logs/AssetImportWorker0.log
-srvPort
60811
Successfully changed project path to: D:/Unity Game/Mint/Mint/Assets
D:/Unity Game/Mint/Mint/Assets
[UnityMemory] Configuration Parameters - Can be set up in boot.config
    "memorysetup-bucket-allocator-granularity=16"
    "memorysetup-bucket-allocator-bucket-count=8"
    "memorysetup-bucket-allocator-block-size=33554432"
    "memorysetup-bucket-allocator-block-count=8"
    "memorysetup-main-allocator-block-size=16777216"
    "memorysetup-thread-allocator-block-size=16777216"
    "memorysetup-gfx-main-allocator-block-size=16777216"
    "memorysetup-gfx-thread-allocator-block-size=16777216"
    "memorysetup-cache-allocator-block-size=4194304"
    "memorysetup-typetree-allocator-block-size=2097152"
    "memorysetup-profiler-bucket-allocator-granularity=16"
    "memorysetup-profiler-bucket-allocator-bucket-count=8"
    "memorysetup-profiler-bucket-allocator-block-size=33554432"
    "memorysetup-profiler-bucket-allocator-block-count=8"
    "memorysetup-profiler-allocator-block-size=16777216"
    "memorysetup-profiler-editor-allocator-block-size=1048576"
    "memorysetup-temp-allocator-size-main=16777216"
    "memorysetup-job-temp-allocator-block-size=2097152"
    "memorysetup-job-temp-allocator-block-size-background=1048576"
    "memorysetup-job-temp-allocator-reduction-small-platforms=262144"
    "memorysetup-temp-allocator-size-background-worker=32768"
    "memorysetup-temp-allocator-size-job-worker=262144"
    "memorysetup-temp-allocator-size-preload-manager=33554432"
    "memorysetup-temp-allocator-size-nav-mesh-worker=65536"
    "memorysetup-temp-allocator-size-audio-worker=65536"
    "memorysetup-temp-allocator-size-cloud-worker=32768"
    "memorysetup-temp-allocator-size-gi-baking-worker=262144"
    "memorysetup-temp-allocator-size-gfx=262144"
Player connection [14416] Host "[IP] 192.168.1.10 [Port] 0 [Flags] 2 [Guid] 866852471 [EditorId] 866852471 [Version] 1048832 [Id] WindowsEditor(7,DESKTOP-1D9SP7K) [Debug] 1 [PackageName] WindowsEditor [ProjectName] Editor" joined multi-casting on [225.0.0.222:54997]...

Player connection [14416] Host "[IP] 192.168.1.10 [Port] 0 [Flags] 2 [Guid] 866852471 [EditorId] 866852471 [Version] 1048832 [Id] WindowsEditor(7,DESKTOP-1D9SP7K) [Debug] 1 [PackageName] WindowsEditor [ProjectName] Editor" joined alternative multi-casting on [225.0.0.222:34997]...

Refreshing native plugins compatible for Editor in 194.33 ms, found 3 plugins.
Preloading 0 native plugins for Editor in 0.00 ms.
Initialize engine version: 2021.3.23f1 (213b516bf396)
[Subsystems] Discovering subsystems at path C:/Program Files/Unity/Hub/Editor/2021.3.23f1/Editor/Data/Resources/UnitySubsystems
[Subsystems] Discovering subsystems at path D:/Unity Game/Mint/Mint/Assets/Assets
GfxDevice: creating device client; threaded=0; jobified=0
Direct3D:
    Version:  Direct3D 11.0 [level 11.1]
    Renderer: NVIDIA GeForce MX330 (ID=0x1d16)
    Vendor:   NVIDIA
    VRAM:     1982 MB
    Driver:   31.0.15.3598
Initialize mono
Mono path[0] = 'C:/Program Files/Unity/Hub/Editor/2021.3.23f1/Editor/Data/Managed'
Mono path[1] = 'C:/Program Files/Unity/Hub/Editor/2021.3.23f1/Editor/Data/MonoBleedingEdge/lib/mono/unityjit-win32'
Mono config path = 'C:/Program Files/Unity/Hub/Editor/2021.3.23f1/Editor/Data/MonoBleedingEdge/etc'
Using monoOptions --debugger-agent=transport=dt_socket,embedding=1,server=y,suspend=n,address=127.0.0.1:56068
Begin MonoManager ReloadAssembly
Registering precompiled unity dll's ...
Register platform support module: C:/Program Files/Unity/Hub/Editor/2021.3.23f1/Editor/Data/PlaybackEngines/WebGLSupport/UnityEditor.WebGL.Extensions.dll
Register platform support module: C:/Program Files/Unity/Hub/Editor/2021.3.23f1/Editor/Data/PlaybackEngines/AndroidPlayer/UnityEditor.Android.Extensions.dll
Register platform support module: C:/Program Files/Unity/Hub/Editor/2021.3.23f1/Editor/Data/PlaybackEngines/WindowsStandaloneSupport/UnityEditor.WindowsStandalone.Extensions.dll
Registered in 0.034326 seconds.
Native extension for WindowsStandalone target not found
Native extension for Android target not found
Android Extension - Scanning For ADB Devices 586 ms
Native extension for WebGL target not found
Refreshing native plugins compatible for Editor in 160.35 ms, found 3 plugins.
Preloading 0 native plugins for Editor in 0.00 ms.
Mono: successfully reloaded assembly
- Completed reload, in  2.821 seconds
Domain Reload Profiling:
	ReloadAssembly (2822ms)
		BeginReloadAssembly (249ms)
			ExecutionOrderSort (0ms)
			DisableScriptedObjects (0ms)
			BackupInstance (0ms)
			ReleaseScriptingObjects (0ms)
			CreateAndSetChildDomain (2ms)
		EndReloadAssembly (2153ms)
			LoadAssemblies (244ms)
			RebuildTransferFunctionScriptingTraits (0ms)
			SetupTypeCache (422ms)
			ReleaseScriptCaches (0ms)
			RebuildScriptCaches (111ms)
			SetupLoadedEditorAssemblies (1280ms)
				LogAssemblyErrors (0ms)
				InitializePlatformSupportModulesInManaged (854ms)
				SetLoadedEditorAssemblies (1ms)
				RefreshPlugins (160ms)
				BeforeProcessingInitializeOnLoad (2ms)
				ProcessInitializeOnLoadAttributes (175ms)
				ProcessInitializeOnLoadMethodAttributes (87ms)
				AfterProcessingInitializeOnLoad (0ms)
				EditorAssembliesLoaded (0ms)
			ExecutionOrderSort2 (0ms)
			AwakeInstancesAfterBackupRestoration (0ms)
Platform modules already initialized, skipping
Registering precompiled user dll's ...
Registered in 0.004953 seconds.
Begin MonoManager ReloadAssembly
Native extension for WindowsStandalone target not found
Native extension for Android target not found
Native extension for WebGL target not found
Refreshing native plugins compatible for Editor in 0.61 ms, found 3 plugins.
Preloading 0 native plugins for Editor in 0.00 ms.
Mono: successfully reloaded assembly
- Completed reload, in  2.098 seconds
Domain Reload Profiling:
	ReloadAssembly (2100ms)
		BeginReloadAssembly (319ms)
			ExecutionOrderSort (0ms)
			DisableScriptedObjects (24ms)
			BackupInstance (0ms)
			ReleaseScriptingObjects (0ms)
			CreateAndSetChildDomain (34ms)
		EndReloadAssembly (1549ms)
			LoadAssemblies (192ms)
			RebuildTransferFunctionScriptingTraits (0ms)
			SetupTypeCache (477ms)
			ReleaseScriptCaches (1ms)
			RebuildScriptCaches (94ms)
			SetupLoadedEditorAssemblies (715ms)
				LogAssemblyErrors (0ms)
				InitializePlatformSupportModulesInManaged (35ms)
				SetLoadedEditorAssemblies (1ms)
				RefreshPlugins (1ms)
				BeforeProcessingInitializeOnLoad (178ms)
				ProcessInitializeOnLoadAttributes (424ms)
				ProcessInitializeOnLoadMethodAttributes (44ms)
				AfterProcessingInitializeOnLoad (33ms)
				EditorAssembliesLoaded (0ms)
			ExecutionOrderSort2 (0ms)
			AwakeInstancesAfterBackupRestoration (11ms)
Platform modules already initialized, skipping
========================================================================
Worker process is ready to serve import requests
Launched and connected shader compiler UnityShaderCompiler.exe after 0.07 seconds
Refreshing native plugins compatible for Editor in 0.95 ms, found 3 plugins.
Preloading 0 native plugins for Editor in 0.00 ms.
Unloading 2917 Unused Serialized files (Serialized files now loaded: 0)
Unloading 21 unused Assets / (56.1 KB). Loaded Objects now: 3382.
Memory consumption went from 102.8 MB to 102.8 MB.
Total: 4.444200 ms (FindLiveObjects: 0.372500 ms CreateObjectMapping: 0.244100 ms MarkObjects: 3.623600 ms  DeleteObjects: 0.201700 ms)

AssetImportParameters requested are different than current active one (requested -> active):
  custom:video-decoder-ogg-theora: a1e56fd34408186e4bbccfd4996cb3dc -> 
  custom:container-muxer-webm: aa71ff27fc2769a1b78a27578f13a17b -> 
  custom:container-demuxer-webm: 4f35f7cbe854078d1ac9338744f61a02 -> 
  custom:video-encoder-webm-vp8: eb34c28f22e8b96e1ab97ce403110664 -> 
  custom:audio-encoder-webm-vorbis: bf7c407c2cedff20999df2af8eb42d56 -> 
  custom:framework-win-MediaFoundation: 216162199b28c13a410421893ffa2e32 -> 
  custom:container-demuxer-ogg: 62fdf1f143b41e24485cea50d1cbac27 -> 
  custom:video-decoder-webm-vp8: 9c59270c3fd7afecdb556c50c9e8de78 -> 
  custom:audio-decoder-ogg-vorbis: bf7c407c2cedff20999df2af8eb42d56 -> 
========================================================================
Received Import Request.
  Time since last request: 1539.496404 seconds.
  path: Assets/TP01.png
  artifactKey: Guid(8abfd49c9f2627040ba17b3ebba2b499) Importer(815301076,1909f56bfc062723c751e8b465ee728b)
Start importing Assets/TP01.png using Guid(8abfd49c9f2627040ba17b3ebba2b499) Importer(815301076,1909f56bfc062723c751e8b465ee728b)  -> (artifact id: '41bfcf5c982c1b4a9b8a038a6321a6d5') in 0.543752 seconds 
========================================================================
Received Import Request.
  Time since last request: 0.000064 seconds.
  path: Assets/nút home.png
  artifactKey: Guid(83fea9fec219bc44283c96d32b162755) Importer(815301076,1909f56bfc062723c751e8b465ee728b)
Start importing Assets/nút home.png using Guid(83fea9fec219bc44283c96d32b162755) Importer(815301076,1909f56bfc062723c751e8b465ee728b)  -> (artifact id: '9f37f4446715cfdd81484964e0825edd') in 0.050580 seconds 
========================================================================
Received Import Request.
  Time since last request: 0.000072 seconds.
  path: Assets/TIẾP.png
  artifactKey: Guid(6d48d880e549fa9439b78f9b25733954) Importer(815301076,1909f56bfc062723c751e8b465ee728b)
Start importing Assets/TIẾP.png using Guid(6d48d880e549fa9439b78f9b25733954) Importer(815301076,1909f56bfc062723c751e8b465ee728b)  -> (artifact id: '4514fdc1f91868c182be7c9248edeafe') in 0.044958 seconds 
========================================================================
Received Import Request.
  Time since last request: 0.000045 seconds.
  path: Assets/thanh chứa 1.png
  artifactKey: Guid(e99a64a0a857e5a428bf040a408a64f1) Importer(815301076,1909f56bfc062723c751e8b465ee728b)
Start importing Assets/thanh chứa 1.png using Guid(e99a64a0a857e5a428bf040a408a64f1) Importer(815301076,1909f56bfc062723c751e8b465ee728b)  -> (artifact id: 'eec5f9a4742cf272dd4efef599f3f793') in 0.033951 seconds 
========================================================================
Received Import Request.
  Time since last request: 0.000038 seconds.
  path: Assets/demogdcd.png
  artifactKey: Guid(48d17c3e49582d44588a26d79d6023f3) Importer(815301076,1909f56bfc062723c751e8b465ee728b)
Start importing Assets/demogdcd.png using Guid(48d17c3e49582d44588a26d79d6023f3) Importer(815301076,1909f56bfc062723c751e8b465ee728b)  -> (artifact id: 'b72907a77495a2cccefe7ed3d59b5cd0') in 0.333551 seconds 
========================================================================
Received Import Request.
  Time since last request: 0.000042 seconds.
  path: Assets/demo.png
  artifactKey: Guid(228d2878589258d41a9dfd7619c9b10a) Importer(815301076,1909f56bfc062723c751e8b465ee728b)
Start importing Assets/demo.png using Guid(228d2878589258d41a9dfd7619c9b10a) Importer(815301076,1909f56bfc062723c751e8b465ee728b)  -> (artifact id: 'a3d949b46ae517c9950a26fd42828ecd') in 0.143245 seconds 
========================================================================
Received Import Request.
  Time since last request: 0.000072 seconds.
  path: Assets/nút back.png
  artifactKey: Guid(03408d49af869374d957211543372353) Importer(815301076,1909f56bfc062723c751e8b465ee728b)
Start importing Assets/nút back.png using Guid(03408d49af869374d957211543372353) Importer(815301076,1909f56bfc062723c751e8b465ee728b)  -> (artifact id: 'fc6627af52dd7cef2124c4e655e6f81e') in 0.019177 seconds 
========================================================================
Received Import Request.
  Time since last request: 0.000048 seconds.
  path: Assets/Background.wav
  artifactKey: Guid(cea35106d01275d4fafee860cd22787b) Importer(815301076,1909f56bfc062723c751e8b465ee728b)
Start importing Assets/Background.wav using Guid(cea35106d01275d4fafee860cd22787b) Importer(815301076,1909f56bfc062723c751e8b465ee728b)  -> (artifact id: 'd33231f3572b74cc0fea615146ee4f2f') in 0.098656 seconds 
========================================================================
Received Import Request.
  Time since last request: 0.000090 seconds.
  path: Assets/Đóng - Button.png
  artifactKey: Guid(26165f06da98eb34fafacce033034be9) Importer(815301076,1909f56bfc062723c751e8b465ee728b)
Start importing Assets/Đóng - Button.png using Guid(26165f06da98eb34fafacce033034be9) Importer(815301076,1909f56bfc062723c751e8b465ee728b)  -> (artifact id: '9b3d35cb1c5f49d4b8e5e98b0112298e') in 0.025416 seconds 
========================================================================
Received Import Request.
  Time since last request: 0.000058 seconds.
  path: Assets/thanhfill.png
  artifactKey: Guid(316c27a1dbc682049a74f58ba342c9cd) Importer(815301076,1909f56bfc062723c751e8b465ee728b)
Start importing Assets/thanhfill.png using Guid(316c27a1dbc682049a74f58ba342c9cd) Importer(815301076,1909f56bfc062723c751e8b465ee728b)  -> (artifact id: '026cdc6b825ad591e7434ba834e5e7e7') in 0.029655 seconds 
========================================================================
Received Import Request.
  Time since last request: 0.000058 seconds.
  path: Assets/bg pause 1.png
  artifactKey: Guid(520f5416b770e11459e2e40ec4017541) Importer(815301076,1909f56bfc062723c751e8b465ee728b)
Start importing Assets/bg pause 1.png using Guid(520f5416b770e11459e2e40ec4017541) Importer(815301076,1909f56bfc062723c751e8b465ee728b)  -> (artifact id: '504fd6df6b33be25e70e4f3ce87a3117') in 0.226209 seconds 
========================================================================
Received Import Request.
  Time since last request: 0.000093 seconds.
  path: Assets/nutkeo.png
  artifactKey: Guid(8ca58eadab25a274c945602f1315f1fe) Importer(815301076,1909f56bfc062723c751e8b465ee728b)
Start importing Assets/nutkeo.png using Guid(8ca58eadab25a274c945602f1315f1fe) Importer(815301076,1909f56bfc062723c751e8b465ee728b)  -> (artifact id: 'ac568be3cd4225cefe36f78a426d0716') in 0.043797 seconds 
